0.10000000
true
133
random print
random print
1.00700000
>
124.32800000
random print
no prints for you
265
397
random print
1.00700000
>
0.10000000
random print
if true
random print
random print

529
random print
random print
1.00700000
>
1.00700000
random print
no prints for you
661
random print

793
random print
random print
1.00700000
>
1.00700000
random print
no prints for you
925

1057
true

1189
random print
random print
1.00700000
>
1.00700000
random print
no prints for you
1321

random print

1453
random print
random print
1.00700000
>
1.00700000
random print
no prints for you
1585

true
Pinting
1586
1717
1849
1981
random print
random print
1.00700000
>
1.00700000
random print
no prints for you
2113

2245
random print
random print
1.00700000
>
1.00700000
random print
no prints for you
2377
random print

2509
random print
random print
1.00700000
>
1.00700000
random print
no prints for you
2641

2773
true

2905
random print
random print
1.00700000
>
1.00700000
random print
no prints for you
3037

random print
1.00700000
>
0.01000000
random print
if true
-101
if you print this, you might get 10 points... or not...
mooshak is located @ 1st floor @ dei. just saying

  /\/\   ___   ___  ___| |__   __ _| | __     
 /    \ / _ \ / _ \/ __| '_ \ / _` | |/ /   
/ /\/\ \ (_) | (_) \__ \ | | | (_| |   <   
\/    \/\___/ \___/|___/_| |_|\__,_|_|\_\

