ID(asd)
SEMICOLON
INTLIT(123)
ID(asd)
SEMICOLON
ID(asds_)
Line 3, column 6: illegal character (')
SEMICOLON
Line 4, column 1: illegal character (#)
INTLIT(12)
ID(sd)
SEMICOLON
ID(a12sd)
SEMICOLON
ID(a)
PLUS
ID(a)
ASSIGN
INTLIT(3)
SEMICOLON
MINUS
ID(as)
SEMICOLON
ID(id_id)
SEMICOLON
IF
SEMICOLON
FOR
ID(id)
SEMICOLON
ID(id)
Line 11, column 3: illegal character ($)
SEMICOLON
ID(if_else)
SEMICOLON
ID(id)
SEMICOLON
RESERVED(default)
IF
SEMICOLON
ID(true)
ASSIGN
IF
SEMICOLON
ID(as)
COMMA
ID(s)
SEMICOLON
ID(ifelse)
SEMICOLON
ID(return12)
COMMA
INTLIT(3)
SEMICOLON
ID(vari)
Line 19, column 5: illegal character (.)
ID(able)
SEMICOLON
