STRLIT("\"GYUCqN_QvA~8xe8'd6=&MLh&pjq6V<t;zSecSjH")
SEMICOLON
STRLIT("(5Z{oFSpC@<dw)uK[iR(QHkD_m?n6RPuAeK){c>E")
SEMICOLON
STRLIT("&5>}-U5.~axf`M^vwHpVyk_X'^B$v46YF(I3ku^8")
SEMICOLON
STRLIT("&J[EDnRK1n2`hv`yAZ-yr=#'{Bi=&P2~1_c:f$XT")
SEMICOLON
STRLIT("1YY8]-74!z-'7O3z,5Nku=#Oz[j0`I|ea$=CKRPC")
SEMICOLON
STRLIT("_<{K)v;/e$ZkCsl:yiN?s,^ZXJKNckz68-wP;{31")
SEMICOLON
STRLIT("PTFl@3(EyA=4|q(&Ga<>M_qu/H,~hpf@`7.1f3-*")
SEMICOLON
STRLIT(")<RZd~MW1we)V{ZO(af%5ypGCSm3<`Z]V~:A8c=S")
SEMICOLON
STRLIT("wUc)1wyW^KY\f669m3T334Zn(a7VUwn%tJ|*2TzmK")
SEMICOLON
STRLIT("86Kat'}`!nJ<$8cE=<fn:#v*xW,Zq;d'}$#mZW<W")
SEMICOLON
STRLIT("s}&wu$:p|O{biF'*08:HY19E\"gwQ0$;1%.BV(@oj")
SEMICOLON
STRLIT("UIi.0c'w3WxlrVjH1djYRA`x#)v?E9jY}v!Q,@j3")
SEMICOLON
STRLIT(")F#P[`5rAkxQ~n]eGmDb;.j%m)dyq.:WukI5O{+]")
SEMICOLON
STRLIT("{e_-Ru*>q|CU<fw`VN>>}1_!,@ZhL14w\fH'8^,c{")
SEMICOLON
STRLIT("fm>nr~i5_,7N3Q-96KL'Jm:^gfm(wn`Hp~5IGHi{")
SEMICOLON
STRLIT("i,S@}FzglZu3N]BR,\\X+vBj(-.]t*}HwdV&=UC7Q")
SEMICOLON
STRLIT("_OSy]9]=g-b/e[axbJR=1_n[}qaK:W&zp4Xku7K*")
SEMICOLON
STRLIT("q2)1}F<rxrBR\tCW,M@84LOR~)X[R;(<i.2k*wJGn")
SEMICOLON
STRLIT("7n(Gn2DQ+V0S'4R]L)*_lX0V9p;8cc:5`Q;DQkFH")
SEMICOLON
STRLIT("4DEiZS2g)i1yd;$[QuCw$SitRB1cekSgY>'|!<_H")
SEMICOLON
STRLIT("]C<lVLTD:y+$UcbWeG:{}d]R2fuNU@f7m$Yt!38m")
SEMICOLON
STRLIT(">o`{.AX]iUv]RaJiW&B6[xGj&DTrE7D7AApdzkfH")
SEMICOLON
STRLIT("k9[:Lk9_e1w_JJW^F6O06Ma@>'g3Y;Gy;rIA|}b]")
SEMICOLON
STRLIT("4yY5q/YE}%F%J0*Cq/qt<V=s/paeWVt4pEz:&;j&")
SEMICOLON
STRLIT("=ZJ>Ks2e$'=9G$K=@S..9\rcOLWE#^l.2:d-iGmM#")
SEMICOLON
STRLIT("SDx6OCl3|Fmu~.un#M:zeikLhI0vsMh@d0J]clOV")
SEMICOLON
STRLIT("|MqD1f,4XyY4NDf:BV92Hh1Y:.v>'lr.ANZ>)p8J")
SEMICOLON
STRLIT("F2)BtV+AER4%[9BLZjuwuXDN'Y>{+UWX;]'1pQOJ")
SEMICOLON
STRLIT("W$sl*#1Mo7:oJGgb3,a#2w/~1NP(:4(j!x*SU!:(")
SEMICOLON
STRLIT("Qto--,~F<oQ_wC41}F/~@+M1X2Oar.H@GQjLGNX4")
SEMICOLON
STRLIT("#erkUY%u86CHT9uT0Z^0a&Vw{psfvnl#qQ+_BDrL")
SEMICOLON
STRLIT(":~s!oe\f<>nu6v%_F&Dt=KmO|-;0di.eAg}9[5cp`")
SEMICOLON
STRLIT("$buH8'j[nWjq4RLjFf9p-pWleHQW52F?^PcUo?<A")
SEMICOLON
STRLIT("w%+V<,>E_5MieX3d0Hr@'sl@'J<~Tjctjrxi/4i^")
SEMICOLON
STRLIT("'d^0=m3/`KVoS3@xi4[<AWqWnk4wsF1o{`;$QCCW")
SEMICOLON
STRLIT("^8`uG$L0X=k6Q33~fvdt\tCs($7y$5N}fB(ng{~b'")
SEMICOLON
STRLIT("&\rdoMiDjLr&c+iU0I^c.#a_y.=&/ze:[a!DH|pgE")
SEMICOLON
STRLIT("yJ~ST!c39;m[8'c]\\Er%C>U[30P<**Vf*vI:?Z*,")
SEMICOLON
STRLIT("=KHi}C@!aR>ETZXjCl^P>FVD\naMl;2Z)2]S1I&E'")
SEMICOLON
STRLIT("r\t_Ukeanp-oL{jmt'2A;ap3D=;UY8&-{az!F2UTr")
SEMICOLON
STRLIT("q>0PVVFsFhcVj%BJ:=0E$A+d:AK{UifQs-NU:&yf")
SEMICOLON
STRLIT("Sr3nvO2%$1@kcsBnM@E}/.n9gn?8p^t#Suxl;ctu")
SEMICOLON
STRLIT("y9c%A((\nUPNUs{v;jM-).a-gZW^7Z-,^AV#lKaA-")
SEMICOLON
STRLIT("!<va0{]*LXdG_g;E8J:p++N%RNoL@=qCJ*hdW1*d")
SEMICOLON
STRLIT("5l86C&^*bSE'sk@h[|#iQH}*_`y5]%I$f.l$y^KD")
SEMICOLON
STRLIT("]*Kd%=d$ri|<!sk9-ro4W4gG='6}@``=%Edkhc0#")
SEMICOLON
STRLIT("l,?cMn*,o}{^a<A6,l]=WNN*=.NB+^&=h4@*-8)4")
SEMICOLON
STRLIT("{,$QJF)sb)>P|4j(h[|-xL1E:crF)>]TFzFFb^0H")
SEMICOLON
STRLIT("M{{aH?`)Ob#|f?bxJ^hpDO:q6n[W9-B:]7hDnC7b")
SEMICOLON
STRLIT("@(iPFaV^m*8dK6CVLB~}\n+Nu|'lb.M<]p6K8P~&%")
SEMICOLON
STRLIT("j54>Ka7;.j$`QU+!_Ph63s&K5Rkv&50M3}-TALv6")
SEMICOLON
STRLIT("g10Ybo?X[rK}f5^k<<e4.X!yAwig@#NTmz?<ZMPT")
SEMICOLON
STRLIT("/D'|JCZo]=O&L.fw6vjT;.(XH[od0O\f_<Q8Rn%Lo")
SEMICOLON
STRLIT("eeWX?0->hWLyH;A^BZ\\(q$&-09}'Kw.msK-cL,Xz")
SEMICOLON
STRLIT("]8)69NeFF:1xlR'iwQZXJWi#a\\~-9}@?`7RG_JZ-")
SEMICOLON
STRLIT("R#-;vXr}\rj+!3y#h#}z'dUCL@15t'qx}TYuPzX_/")
SEMICOLON
STRLIT("oLPhdAVAbWw=Fq(2B.enK{&{Z~?\"GN7txS$036GN")
SEMICOLON
STRLIT("p4y/&\nOwXx[JOR\"yJ4dlnnU,]1[qpZ|N0V>)tq5g")
SEMICOLON
STRLIT("Vt\\PWAVUvO!0}LOoO_^&C:J};)_1nnTz`'rG&[7\r")
SEMICOLON
STRLIT("#jCefiT#6$B-_$T~Q%:<9mz`51e)Al?z_l.r]l&T")
SEMICOLON
STRLIT("46f&J53K`wITMw@}9&cKa#At-[g4Kc\t&rCJK=x(k")
SEMICOLON
STRLIT("}oab/!vhTW/ZqJXJl-U&..n>yvzJeQPziWbO&|#S")
SEMICOLON
STRLIT("Ur4asws2NRn`Dc5IVNQ?[L1kOr@O'oX,Zph=EzsM")
SEMICOLON
STRLIT("T~TF;{](Qq.HO24.}XB-i!bpnot^?N;qw^3vgx*o")
SEMICOLON
STRLIT("ZDwMYPpC`/?79-9Tbg(FWX[gc*fp@B0~;*(PH-M!")
SEMICOLON
STRLIT("DY)M8Ky[4@1(iSd*@<HYMva%}w2bx@qGbWF6a}e_")
SEMICOLON
STRLIT(")&x$')k]zWu!MeHM{}J}F.i0Dp/830Wl|nCrj:]B")
SEMICOLON
STRLIT("XO.z4x#~@2[+y(.ae-}.lM2yfg.B5R\"@1ip27r2$")
SEMICOLON
STRLIT("=tur+)]aD)>efjL|JD#lfF'&Lt/`TzVMtE|9-\"u^")
SEMICOLON
STRLIT("_E;?[v3V4y1tc#')Q$[KkyxF<.x;vLB`g,J3u]bi")
SEMICOLON
STRLIT("SF[ux}5eHk?gO(2-4D+>4o=$=v5vUa34!1!VS^Jx")
SEMICOLON
STRLIT("fLn#wYxBA}3,L:|GbQeF~U|[dj<i$:.\t!J1@c!ga")
SEMICOLON
STRLIT("zEiUm+}`)Jp-B]4L^=I#H3f(Rqa*I=N{Qvd4[hjg")
SEMICOLON
STRLIT("*B=}iBRuP9t_2q,Wc8@nZj}@hG7k|ayIlK@Un~PL")
SEMICOLON
STRLIT("\f<SYTU~],Wu2/PtPf*sR&]N>>uqP6@~^nwkURLm'")
SEMICOLON
STRLIT("{S~?z0-f7`5oeL!:WSQ:'#\":-p.{`o7IA_Ld+R@x")
SEMICOLON
STRLIT("?D%/w8AqmM5_a.6I<*mkzxu_)'j:lP&b=ci*Zcns")
SEMICOLON
STRLIT("$@h~UD{h.l_)IrXG2.yrS.)Ns0tNs}|VO<NAaW+$")
SEMICOLON
STRLIT("I-JS3@>bR_oR=V9{6hLCf~8[-g!=_zn%IWX6[;17")
SEMICOLON
STRLIT("!%k$|A/X!Y(MIWan<<K-H0{,EMnZbQbmNaKqX5:@")
SEMICOLON
STRLIT("wH.fvb^,(Zhl:uPmPO0DyE+tfaW]vKt=9lv%~U&r")
SEMICOLON
STRLIT("Lq7;:1eTRd-?db(C[qd/eF=Vc7/[F1?c\rWwRka@?")
SEMICOLON
STRLIT("Z_|KT~Rw6Q4gElEJ`Ok(Q?GmJr)r5)+w`0S~VCmC")
SEMICOLON
STRLIT("Mm+.Ax?)/8GGe<A*?BDL,:;D5ZQ,M5'<UR:Pb_i,")
SEMICOLON
STRLIT("ra}hWi&^+]tvYOiVMkU?om&riukL6&:G_`z+-$%4")
SEMICOLON
STRLIT("<Op{TcJ'q=0Q0w4c#L|<D[.v]IdsH/Nqq=tlEiP)")
SEMICOLON
STRLIT("(6+g~wWUBf58JQv1MV,97O}fNhViwH@s!%.?P/H)")
SEMICOLON
STRLIT("B53Q0jPe#tp!`%$<](=;d+vPu33~r*^eSruRayk:")
SEMICOLON
STRLIT("hgLil$p*I3NoYI8i[gcjVe/&|4t,@WASIK\rExmz'")
SEMICOLON
STRLIT("0&7Q_sUQ#XP~By9Tt)Z~xN(_X<TiApJ#:$\t<M,].")
SEMICOLON
STRLIT("5}_~4C:aI-#{-xuhA;#5A9FR4bQf3nI\"Xj^o(2&Y")
SEMICOLON
STRLIT("];;14i,1,\f<3{%pf5VwFJ>rXhZ_7yV}aTpA%L_'f")
SEMICOLON
STRLIT("~i}MuI!)(8s$@!/+EIR~7bcIS.Jnq=xK6L@M\n%|E")
SEMICOLON
STRLIT(",,?Fo@.,WW=pPwhEZw+OBNVP/L-Z>~3%`V2i1Qq^")
SEMICOLON
STRLIT("_X9-/#gR6*9rcEQIC.D2f3rJSvkY.rDEQCO6`~{y")
SEMICOLON
STRLIT("bY.y0y)@<0q!+e%,d'h`n<82fh7jJWp&4Z.Os>lT")
SEMICOLON
STRLIT("%?|0By\feH^[1>wcwd,Hyxqhd]YPc)8a'pg+/b';t")
SEMICOLON
STRLIT("xIEn(_'-)9(/CT)#r6;`]VL*b'I+5c=(Z6D7/4Np")
SEMICOLON
STRLIT("!,aR2=E[;tz'H53.^&LCGvhVuK,2n[A1CbszJZ\"N")
SEMICOLON
STRLIT("_B'2qfJc{Un$G]C=1sQixnL#&/;1}F$QZ4cV@7Ci")
SEMICOLON
STRLIT("L,.|x5iFct,Y:>DzJ3fl9sY=\f8V^+w&d[k_1WcH;")
SEMICOLON
STRLIT("ETGL(Ku^g(]^YR^I,LHdv+%t6:tHaejx)gTXHi(b")
SEMICOLON
STRLIT("Cp{BEss_P#d?I}WZO7D&y%+%n]eRkFkq6^\"IBg#z")
SEMICOLON
STRLIT("$&slk$1wmM0@rj/2_&iGM7>#h'N5Bezh.hie-U3a")
SEMICOLON
STRLIT("v$YS8O`&)*d]l6a#8]Hmh>5P(#gfb>9NpmC1Ti$y")
SEMICOLON
STRLIT("SB^(EynJWf6Ya*3U=QCY=('z(<SlQ7#:=KFN$Xr=")
SEMICOLON
STRLIT("Ea'E6n:p@}u09JWb7*<q)F-x$(Rz@\t(%d72`ccH<")
SEMICOLON
STRLIT("&8abr1T[OgEs&,'$|%|[<m[3:\"h&zf[\fR,WeGfbR")
SEMICOLON
STRLIT(":9x8Ms!L~Gi]<>Oh8n:sVQG3uAZmjPgrm`9dO888")
SEMICOLON
STRLIT("^M7mt;|Xin3U_V&<IU,J,2aVV74smSvD{&YaXxdy")
SEMICOLON
STRLIT("UO)9o/!9olHU>(~[S&Um3X-D9`gS'd^IC{rf]fA6")
SEMICOLON
STRLIT("K!y$yrOFZgTPA8R>1c>zg`GT6J(kRW75J6hD>-+s")
SEMICOLON
STRLIT(";Ogf{I0VExWR]*XY{k9XQwd|s]KA<jSH<E~Q%_qo")
SEMICOLON
STRLIT("%g`*lh)AI[278pZ.NlqEZ;%!#JKHLCb~~2b1*Sv-")
SEMICOLON
STRLIT("V'p]$P}(EDc:plOyl7(.-e$/#u@uiu~p5PRt8&Zq")
SEMICOLON
STRLIT("-Sp~9.G6}U+-8&[D7r(HVqc87*E%@7p'('qKwd=`")
SEMICOLON
STRLIT("W8%!m=?bV~p$yWe#j=QdQc7hYUPu0Fib.`;_j|{{")
SEMICOLON
STRLIT("h;?J6kwmAJ@#Zu5XKYcZk~ah^\"~Oi/iy9UPh1/~G")
SEMICOLON
STRLIT("'+.?$gy=9hf`{O-S>]/3Gz!YRDnD<`dt\"*}#5JB$")
SEMICOLON
STRLIT("'7zzxf.V~vnKKkM!(h9TaR15;pydBz}CM-^/Ampd")
SEMICOLON
STRLIT("sUHue~_'{aIYMY2?Q@K+%/ZlLrPi.!y>Y`4.rtWP")
SEMICOLON
STRLIT("W{\fbIU3}!8u>~rs:U%QaFKf)91_@V8>W,OXbAf/M")
SEMICOLON
STRLIT("dVOR?v}Ot.`.lt$\\_aUyW0Hr=xqK>rx#yQ/lZb~d")
SEMICOLON
STRLIT("f4Wuf%[.iMl$:0h<3Oxpb3y/@-LcY2qd.028CiVR")
SEMICOLON
STRLIT("c#hKBZuYO)yuy=NX.[.eh*@Q16X\fG:*9~?\r!\n{hG")
SEMICOLON
STRLIT("yd1eCi:5Ve^[}[={'xKG2~1ph)BR-T({GT-GwY!!")
SEMICOLON
STRLIT("eCeIRh'bo*2h@L~#Bg8Q#Cpkby`4%IWWa9Z16t[J")
SEMICOLON
STRLIT("}NK~5_E{2KbF<|4;9En+MSr4S86K|QKXA!vy>(]p")
SEMICOLON
STRLIT("!04!S_P1Q2U-)VB~[<nQON*3=:{,A7(>O)ewG#e~")
SEMICOLON
STRLIT("p;bBB<SZ{RCoj],g}w-EmFD3kk{qpM1^fDP?Lv6k")
SEMICOLON
STRLIT("Ev~=rcH@YC30C1b$Jg5\nY,KHs;rq<U1tPsBZ$rLF")
SEMICOLON
STRLIT("]p@t4OAc'E[I$'B%Y%!JZav(@8*'goz;H+^A>v-+")
SEMICOLON
STRLIT("^gti:[W\raGXuM:-RjCPV#0/e#4;p-qQm/1nv^V8k")
SEMICOLON
STRLIT("Z.n\"GyTE=n`gz`\r{*LmSAQ_Yiyc[o$I1/2`UX}[d")
SEMICOLON
STRLIT("K!x@8,f:#aXoTDo!}9XoqIHoH)4Q_,3J#@U+TIeI")
SEMICOLON
STRLIT(":KVW}yL;[/!&wbw1+#C|,p,@6MVUlk;E^[qO2%].")
SEMICOLON
STRLIT("w}]?J9$$hM6P?`:\t33StOIa&2JVpM@fc#)3mbe/Y")
SEMICOLON
STRLIT("*f`Ew;xcPA_}RQ5pISxD7f*&c}Ea$gyV<<rPn_U`")
SEMICOLON
STRLIT("joN}nXle3;k|@q&mb~>4zPpu0qL-2{t%+8=Td,v\n")
SEMICOLON
STRLIT("d@/abCyVfUc>?`q&\n\\PhKu}_^303JE$l?V(K|_}e")
SEMICOLON
STRLIT("<Gj\tV3gpt}|+)]MN'iW|?f(RoNz-,)D9oqU6]B1j")
SEMICOLON
STRLIT(".u~H@62[[;.l$&]]VKQLU!S!~IwA)CTiS#kVl@_c")
SEMICOLON
STRLIT("5<}Is]7$#y0uPZ=PP*mL9}(aW}e2^iqfEjmQ\"44R")
SEMICOLON
STRLIT("OnY%sLQgdh_]k?:}c2BgsC}{[3.%G*^]P-xh#0K+")
SEMICOLON
STRLIT("fDlUb+>5ml+T@PhWM(Dmc-r=E-Bwe-u#](N9H{S@")
SEMICOLON
STRLIT("S3m>NvA:i$qpRDBh!^5kz:Dv.MmLH51${'C=Q1%&")
SEMICOLON
STRLIT("[H1Q_^10Uhx;tb{}!ci?EdfR`t1mG*MK]g5/Jy$j")
SEMICOLON
STRLIT("_1:^S3j$Ms-)5BfpNRTy6:fZSP^>m-`Dt_;<:$%L")
SEMICOLON
STRLIT("Oyw2Sck@4sc0/lqfpGXm!66>\t.iAHB=dIq{yyn&.")
SEMICOLON
STRLIT(",XUwsU'OeK-nhSB[ablKP6%o{[A\n:M0M2hsDX7#i")
SEMICOLON
STRLIT("p*-p\\kYPp/:-'3U_L)1*Sh>00o4]c:/j([]N-W}a")
SEMICOLON
STRLIT("U}g+?~}d^c>G[}M`.,3$p_gKf~J$e@XP,j^#hDlT")
SEMICOLON
STRLIT("Eki{z`Gh,se;O72mNUlaJ!=}Dqw'ipUu(fOo-Ade")
SEMICOLON
STRLIT("l!^\\^SaiJUhf2YSfUULi@c~,[@EzX?USz:NA(sJ@")
SEMICOLON
STRLIT(":k={;f)<xp25=,u1.|f@uf[{s2](f&GJ?}9;YKFD")
SEMICOLON
STRLIT("4ij?BWMd[<U2w'+&L3O!T|MbA,Z}NY,_wXt^w4_8")
SEMICOLON
STRLIT("xZAG}%`0LcSvs1J=A5u)UOm`8k^b@-<+noTz6?Ib")
SEMICOLON
STRLIT(")(n9jyzJ%m|sQ:[>l=c?Ie%CQK)?NYFR^#)wE'S7")
SEMICOLON
STRLIT("9h<*Hu)pv*uG_\t\\fy4y;bs*7JWDXO)A@*b~P@h|v")
SEMICOLON
STRLIT("_DkTG&A^5boQk&X!%4F!P-P7v@RxG)U#Ao1yi?OK")
SEMICOLON
STRLIT("3cSDi&W4XXp,MV7t($A$]PABLcgxk4L5I/(R\t/s_")
SEMICOLON
STRLIT("WCGtn$`Iv5!5`OC!rHFk>/M$hX!1}@r4dg0Tcjcp")
SEMICOLON
STRLIT("50zS]7#vs25bJ!dov3GXLI6@4~/g+'~$C%\ruZ`.)")
SEMICOLON
STRLIT("%,>2KNlQ$TqvJH*2LhxaLZh@b,zTuVaV}9XnlG]b")
SEMICOLON
STRLIT("AAd7b]D555_~tHz$<JKm3AT}/?I/B:.lm#:WMm9!")
SEMICOLON
STRLIT("DK%wDhlDniz29>LW><@oy[84z9M/Rbeg0G%v4+50")
SEMICOLON
STRLIT("LDl.&<$m1T)?Y=kLK!;#<CkY1ykFWv<TOn7|tEZt")
SEMICOLON
STRLIT("wZ|IA4K7TT;h^J^(*rC,eXW,aDf^~T'g*Sn0#Mk|")
SEMICOLON
STRLIT("@x}L}|-i?ZIME`c@x%07@1a4L=HeqsM]{h3cW#0J")
SEMICOLON
STRLIT("P}7vjb9*hysSt+%<^3&SWr?yRM<2q4Sy>@;h9q,d")
SEMICOLON
STRLIT("HGKr$3#I>pZ_QL]`XCE&-J0OsS:i]@KRMCZ.<qI~")
SEMICOLON
STRLIT("#:kN;2*<?ayJa!P:yqg;L?q;mi`P^L-;gz*^zw4W")
SEMICOLON
STRLIT("m1Wrt[HbT,_$Os6qkNt;oxl=|3SCJU!~rJj}Z.s=")
SEMICOLON
STRLIT("PE/`/8lG;/GUg@y=TC^g*`=]!S4-L/aZ3I'',^k/")
SEMICOLON
STRLIT("\n\\yy&o6~w7pT@2h#A[pyZ0ntoFs`P+@i/AIq|8$z")
SEMICOLON
STRLIT(":fkrq'L5y)~YKnq+8eF$6ty*[oG~aVCy]\rhq)8%4")
SEMICOLON
STRLIT("H/Som'z~ODeH1eaB{DPKl@uHG@A;DO__!0hOvu=[")
SEMICOLON
STRLIT("H<D/>!rpGyP+GCfQC9ebW]RH:O(1KBh$y|0*w$<r")
SEMICOLON
STRLIT("I634dvw~YzU&SX/'8_&v=Y-Ght!r6Y]6u@mU4bsC")
SEMICOLON
STRLIT("fp~)f+Ku,1?+aGx|!vzYv2c^heM+$VrY4mq~AGe:")
SEMICOLON
STRLIT("lG}AEZYh~J'd[2h0~)qe~/.tHr7Vok\to<O^s-heB")
SEMICOLON
STRLIT("|:k-bR35$7+:b1Deg<GHC:5=J5Gl+5%q!HEwEmK_")
SEMICOLON
STRLIT("`<*,n*w`sX)'+TsMLJV\r5_$@^C8RyjFN]8~:iG/(")
SEMICOLON
STRLIT("]\n=a@1>#1-I:|QHCo$`)T.N]8QF,\nEq'';WTU66g")
SEMICOLON
STRLIT("Uhk9)S6ST09SGA8xjjOy/4hGRxx('QZm61?>X%<#")
SEMICOLON
STRLIT("d/M2MuExrd@#Eo!6T<D^'<)m9Xxm#AS%(}4=q&YT")
SEMICOLON
STRLIT("Q/P93]!e!/x{1JR^^ATQJ$y).RuvERv`oKiR(6D#")
SEMICOLON
STRLIT("etC`Gz9@I[PK'-B#-gjNXJOBe>P7|;B.|BOH77MS")
SEMICOLON
STRLIT("p@Al!gdh>,Inqi(O)iy~t6jL*,*Mg4-d}TOKYat/")
SEMICOLON
STRLIT("H&F=^^g0kRM{+u->IYa\\<A^4dWQO0k}D![t^O0[.")
SEMICOLON
STRLIT("'_~=H!6loT9+kJi;UnJ7zCX/Z@]g]lbET,6lyiW=")
SEMICOLON
STRLIT("#)#VGkQ+Jc[<2{PEgN22T`)SWqHcrR|9vM>Ft;Q]")
SEMICOLON
STRLIT("N<B;BeyI5C]e]DRs#ioYm7Mg,.KI$U/Kf:o7EcgU")
SEMICOLON
STRLIT("p^z&|)X<a2KRJGY?+g2x}Cn5`PCNMGLL%4@l|hit")
SEMICOLON
STRLIT("o,6=:W&(c~'nn7u5Bgz:?Ca#8e_m]\fc,Z=Q$Im4x")
SEMICOLON
STRLIT("CoeU6^9'F!at7u?uN&'KVER*\"6>{1i?-~VB8.JA]")
SEMICOLON
STRLIT("HhT`ZW%3jzkT2trmn|1%)]O?(`$E/s/=f}<dilF'")
SEMICOLON
STRLIT("B5NLQ;^BJPwg97#ab-5`l`URzIbvIx.c6Xv(J@`g")
SEMICOLON
STRLIT("W;t|+VV&br+vN9;Oj~$IXo$[,b3:yf[n4C(EpfH+")
SEMICOLON
STRLIT(">,Y`hO9puXFZssk04h:b6~<#=-7XxD(rPo)/5Fj7")
SEMICOLON
STRLIT("+nj#H2mZp%I2#pxhKcWs+6K4n#1g9B8Z%7,S@Ue\\")
SEMICOLON
STRLIT("^}tw>=K2sEPUkOh($C?C.W#c>5*yv.<#uWZH|a>.")
SEMICOLON
STRLIT(".15ypZ&~7q|12'h2CX}qRX9'56uW)$=/dR.KuhA+")
SEMICOLON
STRLIT("_X\n\tp`i:6rpt*G5rm8?//y?@WA-w}g?3uPN02uuG")
SEMICOLON
STRLIT("%%'>[~Xv]Y)E'f;IIZ&hp<9llEE.n_ka]fok|o#^")
SEMICOLON
STRLIT("/#B5P6e5sshj<q.`@fl9pYa'./6[gBn_6/mRn4hO")
SEMICOLON
STRLIT("%J!HtE&:t.&M;EH=*jl<.3^Eh]!V;c:1&LKCgXP$")
SEMICOLON
STRLIT("igEX.%O>Sx<Btr0g?C]'.r`+j@E;Q5L5u0il.Mjj")
SEMICOLON
STRLIT("?G<ia-*5/cZ>hMF~0d{;j_KZ/&8Jv?7!=GE9D*bc")
SEMICOLON
STRLIT("gM]uQ#%TN5Ca_ZW>#|kKaC=>.>TdG<Mq\fi\t>@8#`")
SEMICOLON
STRLIT("qUV[l;DXEsU&J7`8gF[HW!0ukOh!t2ArQ%E|nRu7")
SEMICOLON
STRLIT(":_k{XN9_dz,yQE/?Je'~e^LtMq)yUM!rASw?DQR:")
SEMICOLON
STRLIT(":yx_h{6_tT*vj540!qRR9$*JmAZ8i59.4jifk@'r")
SEMICOLON
STRLIT(",3|b!e~BH<@U;uRF!wtgE5;g\"Sc!!xIFqFmsUL*4")
SEMICOLON
STRLIT("82fVD`:Hlj?A{`:+#Bw,:`f]Mn~txon`v20pj_BA")
SEMICOLON
STRLIT("Zf#.yQ_%cvaPyL[MRArUY:2q01xW}cye~UpVGA#'")
SEMICOLON
STRLIT("1zO]oa}9(nBZNikRdBc\rex}X'-IKD_9iHK-~xnyR")
SEMICOLON
STRLIT("|NZ<%__.nS0[%nD@6d{o?VOv$.O_X\t<7-#SghN'Q")
SEMICOLON
STRLIT("$|G:a<^MxFgPnb&RCkJihq!q/&z8sw>@o)A#4?I~")
SEMICOLON
STRLIT("e\no36]eo=|Ew/Z7JEHCjcBK|mE_~EV<16b?SI/Js")
SEMICOLON
STRLIT("DlgD.OOEs-KsoX7hPmq1}Z0`-_Hx}(L;X63B@nYL")
SEMICOLON
STRLIT("f)LeS{U}&>&cEOFq3|;#xa7jtH_:4'29OCrhhop_")
SEMICOLON
STRLIT("5tw04`S9+p3]KfqC-]6EnD<ijieWa&lZxA/I%/pb")
SEMICOLON
STRLIT("+VBlTdTj@,6sBoXg4$va#kOj1XvosVje.=KB%}HN")
SEMICOLON
STRLIT("[3.l&uo~JZ]z?8R0<4kS4k8$Uc^`aj$CLm#waIY+")
SEMICOLON
STRLIT("WR]kp9r^!<2_f7_nqpp<:ukPqd:9^><(Xq`%vV/0")
SEMICOLON
STRLIT("y$3v-!QMxvw!|\\3w/$w8[WM(|i-!Wya_3u=\nw/H^")
SEMICOLON
STRLIT("5I|~A(-[mi~e<#LE^qZw|)WU_dWdN;Q37oQ4>J`C")
SEMICOLON
STRLIT("l-BU-(e]6GU4`*UND1oC4;TV4bKQT30t}<'F7\nQk")
SEMICOLON
STRLIT("3qMu+!Ouby^Xn?x<KqtV\"9N,X)!;73&1R8>5z*&d")
SEMICOLON
STRLIT("U2&-jdo5[[;*A/M_='c<axd4g\tbN'wf1r]@0-!|'")
SEMICOLON
STRLIT("V\tQ`7fow3A[SfA~>:b0wx:`iO/XC|HT&q!2tF{NR")
SEMICOLON
STRLIT("RIPE-mc;duQ]5w4>69N)Xg2|>J-GKKY.h}lHZwuF")
SEMICOLON
STRLIT(",(%@A6J_yvo{:t_-v&E*1/wPonmOM48{H;HC<3,j")
SEMICOLON
STRLIT("tDu>Ehn|LaG~YciVRwciw]u}SZ7V9%1h&xo'YM^_")
SEMICOLON
STRLIT("+O;q!72tI:h/r<P\fCvTvj>R0d>HG&ktI~1HLUlV)")
SEMICOLON
STRLIT("{u\\^A1W8ipe']/~VBJc<(w{/1XT@!htGfm^p(|7'")
SEMICOLON
STRLIT(",v,'BMkS)&qv3<Me~IzNKJVa3Dog,(/?v-EFhKL|")
SEMICOLON
STRLIT("Pdg!tO9uI-z~DxS|w<kL4GC(`O'|!|}_NTqt@z60")
SEMICOLON
STRLIT("5,)F0~m;rQS1:*XX]]EE|No_X6.bdG:1.=CWh/y5")
SEMICOLON
STRLIT("ZN*72@%W.RbEqp/FMy)u6kI8v-xBLbiHR4+~U0N/")
SEMICOLON
STRLIT("'9(K[r1z:~dR*zW,Y0t3Q}NG*}~SRw=$6c8_zAi;")
SEMICOLON
STRLIT("(3H<98DPsAMj{#X&v./P92fC.:/PF$nYt*2]'?n'")
SEMICOLON
STRLIT("I|Gd8d3HtclYiK+0R`#SmEmq-Q`+~_:5m\nLL.\tS,")
SEMICOLON
STRLIT("_\np[Xh.}@!y|&j;94<U?Iz[bpkCR{2&,qw?{+yDV")
SEMICOLON
STRLIT("rfUow7s;#o5w!aedl`Omo^)^e2VF?yJn^ZUKSf%*")
SEMICOLON
STRLIT("4k(?9-Gt3l;86c\\]S6r'Jx]p,PO|Rq$kcR~R#3%j")
SEMICOLON
STRLIT("4Xf%u_=s@8DE(xks`%n!d>u[4wR~4$ru)0O-e63b")
SEMICOLON
STRLIT("dv[6xQiN$>=!VzXdK_aSbf.5%s6Z4IJ2xw/L`'a2")
SEMICOLON
STRLIT("EIaJ8oi2;iW(9/rXvF+[g7.m8nlxl9`;=5bTZTCq")
SEMICOLON
STRLIT("9HsoTAU|WUVi(VNyW1:bAjL5mTRhkd(_qUgjjOlQ")
SEMICOLON
STRLIT("q'&6(KT:t`JlJHw0|@&/Y+!blX&W+H./zajc2}H7")
SEMICOLON
STRLIT("<60SeG|U6[Q%1TT#~<hER[K0:Rp=O9{Tw^~Cm@(q")
SEMICOLON
STRLIT("2^ToA_O;BGiS~X;[1BM/,(2_Vl|{-xIm@H|n~d:*")
SEMICOLON
STRLIT("czu{,f5DDNw+wR3;_VloeMcxIAh/Z)_x^;+nf3*I")
SEMICOLON
STRLIT("xORa&V}F$(Fd&3(t&l8)MO=tkxl2P`zw[pvA+c\\;")
SEMICOLON
STRLIT(">NNF&3C9y&&~daQM{n7>KR(630r@<0H5s+8iFsc2")
SEMICOLON
STRLIT("$$E3*L~g^*+tm/p#m;-glg(}6IFvI{JQUBrJ9]F6")
SEMICOLON
STRLIT("LF[@[^J0%'fNvV4UH@gl?:Jt:(Z:57gqd{mJ8nk?")
SEMICOLON
STRLIT("2:%cIys=RJb8>WE:\fW'F[5yxf\f)!f-y%I+0+;=yU")
SEMICOLON
STRLIT("x-lLFz}oJI*78!ZFu&~AD,fYT;6S1!|0tcD_ncyr")
SEMICOLON
STRLIT("7b%A=0px\flwk8Bf*-g|]N4/#(('b6&VF}mv&ZeLl")
SEMICOLON
STRLIT("<CHpnNX-a>TM\f\\'\rkyEtUx^~kb?J{`,$){|O4<EN")
SEMICOLON
STRLIT("jeImQe9uBFUXy3m&5|sm?%1!M+FI5^5V6;zDRppo")
SEMICOLON
STRLIT("Z$Ti1:PJ/c&2NXMD7(a/1d55^.0ky84x;LPLO{.?")
SEMICOLON
STRLIT("TLq.W`OR\t8X@8$k]$T*Tl_4)FAckwCN\r9pVuPMIg")
SEMICOLON
STRLIT("Q#p[}~FK=slB3AW[agAD8{/&ZFRE+v+,$mN1TD)&")
SEMICOLON
STRLIT("<wJfmtWKB?wrm)T7I%G.#Ukniik*{~|vK'-TTnG!")
SEMICOLON
STRLIT("NWWx|t(~K6}?,k/ri1}oa<GZ_ls63<2Pu|-DkH1a")
SEMICOLON
STRLIT("XF.oB/viH-PYs/?MbsH;@<|1sjPCy{Z:lc].!h8>")
SEMICOLON
STRLIT("86*}k!KZ$-5j>II6\"N:][=)dzgn)0g_->a'L?n#F")
SEMICOLON
STRLIT("QYe@tKU%q`t0H}y?']ldP@N5{g$X!.4(4IXZEwoB")
SEMICOLON
STRLIT("pIf{R`$d(>b#^.=:bWC-\f^\tiEF[t6Y\"V,v8|@jF@")
SEMICOLON
STRLIT("%~Q-Zp*NB7La:IC~&$}DMbMqOb)bWe7/S$?{cr'=")
SEMICOLON
STRLIT("]?'*,'lgP9{R6@bWqhLK[t@H`PkTP06aKq8n:=l%")
SEMICOLON
STRLIT("Ku<@BV}eZf=mp;#at<WWHmjt>ihQ{YkOyJ%|.Y(B")
SEMICOLON
STRLIT("w&Y.6,j|:3D?/q][$;x(iQcJiLJ#pOCSW=zrE$jR")
SEMICOLON
STRLIT("`=287|Jai=Dc9N!7sq58/^hZkiR1/Ug3:LZiutE(")
SEMICOLON
STRLIT("MEIqYh;H}4~KEA>okG32S@A`1d%Qw[XuG(CF^TBx")
SEMICOLON
STRLIT("z!QWU]C+|2\"BfrJd~!lcYI}<yb@%*74,eCOF:1/_")
SEMICOLON
STRLIT("`{-'y%0i,tcsY(B+dSvOM1,r@XolA}J-%g}ap]\rg")
SEMICOLON
STRLIT("^OF4gU_~N$iC-}^![K:=<z/cH4+sB4&k1a:r+1OT")
SEMICOLON
STRLIT("g{hWc\tR)s@=DT]x'TN.+!)]B^X71/a[+qP<xp;OG")
SEMICOLON
STRLIT("TO'aHjr(v:0a4P!#]MAAM{-[fR_d|1\"$'mA'.A|x")
SEMICOLON
STRLIT(")vt_240aQ'OK8z#*3HiTHR5G8bV5o(%Q;=TP9S<_")
SEMICOLON
STRLIT("XN_icZ-#q)+)6_9OXB@6'ftPtv+j/pLup-RRQ5:t")
SEMICOLON
STRLIT("-e9;Q.D?t3:7NjW,bNOD3i1tfUIXd}preHQ5Dns.")
SEMICOLON
STRLIT("6i$X`z7N{lssrp5g{saRO.Eu3p*)ed'U@)nDRaO;")
SEMICOLON
STRLIT("35w{$AW~RBFdG|aQT@uv8I,y6I.5(;[ckPPb]68z")
SEMICOLON
STRLIT("y7O^`o-X;QiqVp5'^fo:v/yt$C,;{CMdXRBnUk<g")
SEMICOLON
STRLIT("#NxfK/QGrAdj)Y@Ad%kZyW[$7[{{tL?}q8p/)qJ;")
SEMICOLON
STRLIT("*%G&ii^\\{+oJ[F.RCDHQILQ}dX}U!%Xp3%oO|cu_")
SEMICOLON
STRLIT(">{W\fA4U8Of%^ILr<%9-7OnjLT$?`v,WdzUiJ!3tk")
SEMICOLON
STRLIT("cQNE7Ne3w~'|fJf$q=Tb,]I2RsdWd+#JwstL0o72")
SEMICOLON
STRLIT("RI5t(<Ei:.l\f>v:M+I'`yLO)YiY)%Ll0D~3];{{:")
SEMICOLON
STRLIT("8cKey(t@C$+\\Qr}=6695YzABr{OJ;jLmBN+1{MpZ")
SEMICOLON
STRLIT("Ne.>p^sYWyoptSjBg31]@_di,wPkPKd9Vi=hLz`-")
SEMICOLON
STRLIT("e/T^m#Im^P,cV2*suG;`&>Y`*L{qL-*1$uQT<Dk5")
SEMICOLON
STRLIT("(iwx,@s]l|UW?skNK'T3EF/VBi;N]Ip&~aQ-v'>7")
SEMICOLON
STRLIT("LM^$W2It|#5\"!0n2}=T}z\\9ygH<oIZ~FHZ9JP_Fy")
SEMICOLON
STRLIT("Jg`:qLhZ9y0%P_37.1IzQS$>-&MuK.scEz68vL4}")
SEMICOLON
STRLIT("&#`Pw[!~Og6;!*)C/KX#dt7T,O-;JU_L6{e*Vlj_")
SEMICOLON
STRLIT("-)0xt~m>G2a4+g'G]c0;JGi/ov!v)[S5v@##:0,T")
SEMICOLON
STRLIT(">}ob@V4]5S>pf*%JJ_//+~#_omA<kbr0Q,%DEFeS")
SEMICOLON
STRLIT("4Ak+rGt)W]&D{8*s]W$bdkK2hdEFSU^/z|TK3()l")
SEMICOLON
STRLIT("^I^l$m5cUAf;,6=,<AuDXUxeh^9L\\lj5ZecdH9,/")
SEMICOLON
STRLIT("7s,#9afjk&bz,h]8BXQHLwp!%_sPq>@,(q5[O4(y")
SEMICOLON
STRLIT("/js#J\f84cxe4r]T|HTpho;[Ip1{6p$r{T?:{:_Cf")
SEMICOLON
STRLIT("`RUqeBY{nQk:3[MgP7Xx8lbb0[|MX8GOl$8jTk-X")
SEMICOLON
STRLIT("5#n^Gza(XJ.)GPE'ymYz\\[Tq$}mb;c+b?bGQ-$56")
SEMICOLON
STRLIT("wr%bp)P/7m<A<u>,bYUP~/(_?U!zZIDV_AiOyTaT")
SEMICOLON
STRLIT("e924BVG9J1kov[5sm.ZvlA?ew3wLQcBYs)B!Y`2G")
SEMICOLON
STRLIT("*h%KUq0#,$m.hha7#W>kxmS3oI_~Y[na.b|ed9<^")
SEMICOLON
STRLIT("53wB!+Di0I=JCYM<)dF&r0,(qsiYD:y0&p'fd5RL")
SEMICOLON
STRLIT("Ry[PopJ[HjG>?&q?2?%xN5':-S5SZSe'D_kpIg'z")
SEMICOLON
STRLIT("YQ~I^/r*f%UlhBkl1nV4AC)hmX`fz<7(LM`}-\"A.")
SEMICOLON
STRLIT("cm*x{-na1Qc09y\r((~v|MGyOGz>\rA<qMhh[7ySUY")
SEMICOLON
STRLIT("\fKEk)X_paj^nR6l>;(?]*qEb!>:op|q#8WHd[,O_")
SEMICOLON
STRLIT("hT</_/Jnw$|&>3sRdch@5ix8.\t6fQAA}fhBh-jT)")
SEMICOLON
STRLIT("PW34w,kkCbq!rwZsi._PWI@EU)/AO^<-ZvqEcJsT")
SEMICOLON
STRLIT("07kq@Y&kS$45|H:(IP,D7{l}mg}NIN=>RSi_~&~A")
SEMICOLON
STRLIT("d2/+ycI37&\"Z$,D5@g'W)~bRNyZJA/~wz-po'aGj")
SEMICOLON
STRLIT("ygHG5-8C?AwST@Adj90qX?BobMab8D-:mmnPXQ&j")
SEMICOLON
STRLIT(">_Nav+K&,>z%/xx?_4B`1X%!#yu-dDO`V-'*jtTr")
SEMICOLON
STRLIT("xFxyjTU*+{yiQ-0LGIu^qL(rWZ>07ZonWf(!x4!)")
SEMICOLON
STRLIT("6&Doywn5C_8xw}n`~|{_E!<aw+}1EXiW>P(k3|%z")
SEMICOLON
STRLIT("'?k4#oP.^bG*o|\tU|Cpjhg_aA,b-N{(oD.4*Jv!p")
SEMICOLON
STRLIT(",Y>*{MH\t-'mIbmgNCW>8q.}ej.PSmB>-QDQaYtGo")
SEMICOLON
STRLIT("eq(1AIiD}OR})c>lXao,]7bbz`u#%zCcc|m)$]*z")
SEMICOLON
STRLIT("m_Rz*ZOt]R1|n|5fXtV\rM@4N/?1R7\n-]C8~2#g|M")
SEMICOLON
STRLIT("B)og3R#TJ^Bxc#vIwYf!lX305|WD`Yjgt*>Sj}e#")
SEMICOLON
STRLIT("Ee:PxIX(B#(Ks:$-Rr*j,Y=9woTsgc&A8OGGS!1J")
SEMICOLON
STRLIT("x&e)1P|.Sp4M6PMT*J9!`5:Ys`SyTw_3mNo-n5LF")
SEMICOLON
STRLIT("Gg+J}E@]8&KXkj&xr\ta[!|;KtAPX?ZIqun'P(P~E")
SEMICOLON
STRLIT(";+D+#IkGH*_!=z)~k3HE/nr;]!(8g}/ahHOQv9A)")
SEMICOLON
STRLIT("xYpvPAV]nKX!N=>j&O#u;{<lP=F\fRi@1R'*A.`Tt")
SEMICOLON
STRLIT("mkW?zV1E3JH;RZY<TspckT:yz%/e-^y;m[M&A`U/")
SEMICOLON
STRLIT("4f>#5YWLd:bJ;nEthXw^nN9YM%xJ>J&HeeHI_5L&")
SEMICOLON
STRLIT("*=rLwbN%xqjl??6fVYwdv)1uE5x{$*YmNIr(imck")
SEMICOLON
STRLIT("}wIotPl{Z%p>wF^%)/Vc3}(8*}f{MwWNfH&.S[y:")
SEMICOLON
STRLIT("&m<83JNIGd(a~gP@l!v'SV?,/_CG-H=<7qdii;F!")
SEMICOLON
STRLIT("(g+a+B.\f=7UUkhV\\~\tsbhd{(Z?0d$3GGw]\tuIt1&")
SEMICOLON
STRLIT("T.31ik[u4O+<L2bE]zM4{<_*D*s6K)]%,,O>=N6z")
SEMICOLON
STRLIT("}<UV\rqM|D]NM5?yW73O%#@*:2!NSck.5CP=(gM1w")
SEMICOLON
STRLIT("}UgIr:mDUa6<6nt6L,fXPw{z>I}njR\naNDc^~~2<")
SEMICOLON
STRLIT("\"Z_+PSh20#J9kOMiH-7Yl8:U#Y,#,6t,v<D+4JO~")
SEMICOLON
STRLIT("yms#KEm4Jqrn-i_MM%/xeo=`JDu3{{&',fGYU7Xs")
SEMICOLON
STRLIT("/P3-`]fJaQnv5M&7#*G/dI7,@ng}Q~+f>wcUe@?%")
SEMICOLON
STRLIT("x>pV+J,Qz?@wA2=TCR<FYM6FbG3PWcQJ8}m;X@I'")
SEMICOLON
STRLIT(".et3b@5t/s1!BEE>gJZ[dn|QbI>Z:3cKfC{z%ecp")
SEMICOLON
STRLIT("klrZc`Pxm-P<q*oV/4H{J=blN5D*hEQwL9kloD[C")
SEMICOLON
STRLIT("ne3&hzbc#M&US.j')znXHGk*UaDfJ]\nS^7S0b]va")
SEMICOLON
STRLIT("1YRSWsphYK7ew07M>*|^[9Tu]4gZd0hL:`9=M|S*")
SEMICOLON
STRLIT("5p}8'2C*KDBqyx!_|S$hQ8xd-!9o}GJH1-'UF>mC")
SEMICOLON
STRLIT("\t:H4[YUf.<q^R7O6ldx0#O+jeST!l{QeuEWBBMDw")
SEMICOLON
STRLIT("W(dZ$|qQZl[/9T\"~fA0KkIs}]~[KX1zaz^?h=wT2")
SEMICOLON
STRLIT("-O*[7j$5[gP.I=?{RvWZERN%#jH{#m<R}]#(}SU.")
SEMICOLON
STRLIT("L')qMm&Jyl?nM&,EF5x\n^Sr\rAH58eH:@rohpR/5\f")
SEMICOLON
STRLIT("^&QkfT}rjJ<G|a*%a%v>1p-7:E<&N_LKb7DdS@+X")
SEMICOLON
STRLIT("?qTm0A(+eXS-V=3kt5od?(zv:]y;yVCR).P\n`[D]")
SEMICOLON
STRLIT("~lbONS5{z&1S)WvV^*HR#J97!{,<GW>%ZPy6ZUtB")
SEMICOLON
STRLIT("'IS'<'$h~`)gIk]a_&oc8i3;v7MBGAw@NNs|rB95")
SEMICOLON
STRLIT(";d:Mw6JJ)#)[}t'\\w8'UI}Lyt!4zh/+[r7Xw9iZT")
SEMICOLON
STRLIT("NqxBAfkO2b#wm/agsPqovqZ;O7*fNJ[=(`}zKeso")
SEMICOLON
STRLIT("+D]K_KuIH_D^;:sz{^a#%Jer_t)u$d`cuui:1m7H")
SEMICOLON
STRLIT("xA[s-76F;#Gx(@VQqYzQXI?P3<i!$]c8@Z<@Qs=h")
SEMICOLON
STRLIT("XdNq_/SK&U>Q,1'BJQh_,^>bXJ7Y]Ap@>)YC]a/@")
SEMICOLON
STRLIT("Ip%<4/oBw]tb]RNhf{Twe+kC;}x^3HQZ:dx]WD\\8")
SEMICOLON
STRLIT("~b4i6H3v@.X0-Nb-tYJw2@G&<4qU*|<4_t^f~#1b")
SEMICOLON
STRLIT("5TR$ck3mWQe318Ju>!#2>q*;Q#HNozi+*9LM&w~k")
SEMICOLON
STRLIT("Pr;d!&){{:w2K,<VUW-d-rd8nE+b<~t@iEB/N'`$")
SEMICOLON
STRLIT("w;W_#Z^to~RACUb-`#:3kUhB!UI5$x+deD_&)0[k")
SEMICOLON
STRLIT("K^oBal9:A+:.NC)|s7331Q3ic`/46SYr~X~U0b}g")
SEMICOLON
STRLIT("k1gD\")ETvq(D+<MRr/|.nKZ1cX]xxu6B/w)q{=_^")
SEMICOLON
STRLIT("PGcQ4Cm,[%hI]\fIa+S^F5#eTNp?>`qCnZL9Jh\\$G")
SEMICOLON
STRLIT("~}||Cv#d~^(:8mqemvwC\"#voBdthux1BPt;n><jS")
SEMICOLON
STRLIT("{#d,U|@^h&!}yHx6hn>&Z!]YvsZ.3GEQ%mqL#B6L")
SEMICOLON
STRLIT("L<L?!B<KLQqw?C/c|Nw8`CHq6m;vZhl/d]-]}m?I")
SEMICOLON
STRLIT("mw@d\\NMDJ0pms-1j0Cl|@*[2&U|*!HK6$Cy]0MwN")
SEMICOLON
STRLIT("Y:QK@J]'%~(9B%+AFKk0%(<x2+0,K4^uFYym>zNj")
SEMICOLON
STRLIT("BCwF+'tr}g?28c9si^{eAKU82UySeM%(6F+r}&XK")
SEMICOLON
STRLIT("Y!Hkt5G/6}+rcK9]QO$MIIQ}C\fE]D#S+|fL<*Qw~")
SEMICOLON
STRLIT("l_E<:D<3qB+g%s7GuGVMC4f{azi(KA!]L6U4!-_V")
SEMICOLON
STRLIT("SxI=]#I7v>to9>[cXbV:h36zK5>UQ=]dw@E{y5z7")
SEMICOLON
STRLIT("XwW:uO8fI35V?mPIFTO@kOV]wAmJ^'%@dA<ggXy]")
SEMICOLON
STRLIT("xj12^GxlH'VKTPEA6ks\"][4xYoW2D?+RD*B3@-YG")
SEMICOLON
STRLIT("MVn~w@Uv8&0a0UYig~AZI/)rL}PfCBDe`D`\\x9W&")
SEMICOLON
STRLIT("d9y@hp^4{($II_zq7-vk4$~lgYJ%`tre=w(]-uf%")
SEMICOLON
STRLIT("d|]>k1OBMy3h)#Y[)c=f[/ZttI[T.p|M:0[JKoPf")
SEMICOLON
STRLIT("Hrf$WyUke,J83bkw//RF3;:u(o[6xT3YLq>!yhk.")
SEMICOLON
STRLIT("iFH|S-|Uf&q|~QK!M*Gc9gf~TIX%QIS%vU,\rvN,+")
SEMICOLON
STRLIT("tudXU0-9|_k-plEOg/J$CmOI78CbW&mpD-;RRFw.")
SEMICOLON
STRLIT("A.jy\r#OqTnMN/uI{>v=(qD4u}0G8PUvi:P?P90iR")
SEMICOLON
STRLIT("[hGq*I)aaYl3?48Cvxh]cm{*N\n|wJ01=SbpKB4tK")
SEMICOLON
STRLIT("+.Jz0$D<eaS[pgr:?PD)^;#>C6SaK'%]_qs:M0@n")
SEMICOLON
STRLIT("hj6>NngdOtHam8_/&9C54_dH-Gj3D38}I~8x|^<`")
SEMICOLON
STRLIT("T')E_H=Yf[x[NcEM<KcM%vX{MD,NH9czm3-wa%9)")
SEMICOLON
STRLIT("\\=gwyI4qmron[[tUj04<,UWAKesU>_G@BlM)<XJq")
SEMICOLON
STRLIT("m!JH]-(EKGm0@7O]y8<{>.qK-FR0(U8okIGoy;}U")
SEMICOLON
STRLIT("Y=~F![?Ult3f1g@duf+bVvIoJ'@Xg]/38Cr`rTV+")
SEMICOLON
