-41747955.98667000
-1927724787.86179996
908969831.38282001
301321269.23061001
433983859.32305002
-283922626.62541002
-1979228066.76220012
-114115201.62791000
1069505523.24049997
-120736880.21070001
1770270477.83369994
168586118.17544001
-348211689.09922999
-8006040.49785640
1188332157.60879993
-364307539.88546002
-1219702512.25259995
-519725676.14032000
185619214.38959000
20500638.51153200
-59839923.25078000
1749857590.30200005
1246537333.93580008
1682381156.98979998
2132422617.60240006
-180504860.35393000
1702448262.73550010
208129644.15505999
-2026727113.78900003
1651141937.57290006
302541188.86996001
1598352528.66450000
-862774279.99690998
1570263700.86400008
65381941.15953900
-876400012.99747002
2042485751.19790006
-2016650645.07830000
505950.11629915
-96226160.00192900
209819305.05410999
1705555704.86310005
-660812731.71832001
-190298367.36344999
86239855.38500600
821312348.07999003
-891829595.15481997
-296760024.20060003
721235264.39526999
1010504366.65649998
75295641.94073801
-1617973318.59669995
647566228.13547003
876774594.74799001
30456279.15591800
595418078.99326003
-28960287.19176900
1315942771.33640003
-1049886207.95589995
649865861.83971000
-772431278.41433001
1392204973.98729992
1746700030.79649997
8483285.55157330
-1493355527.12840009
296362879.37695003
81214294.24133800
-268533542.47014999
964923612.61047995
746555975.71483004
1632857709.26119995
-1194553870.34500003
1786522266.28290009
1284472741.01780009
-326867463.00437999
582424033.37489998
-829886264.84771001
562426859.01252997
-1965772688.37750006
555084968.41457999
-104536445.23628999
-57931019.34733700
252642359.38776001
-264080709.58164999
-1220232817.84890008
-210529122.68013999
1075410546.64089990
2102160953.55460000
1867869335.88940001
1633596862.61459994
104834626.89015999
974536143.22310996
-1783625773.37669992
1253584238.78719997
-2146344920.52329993
-289530030.76747000
-667261962.81555998
1793410740.67070007
-288120783.22416002
-198806165.40079999
211203666.83579999
-1051355156.35829997
985428951.27661002
1699884907.77699995
110190822.92974000
-137482950.33102000
938427933.18526006
686252249.92012000
-65457738.04777000
355246313.71701002
83520920.46894000
-441039872.65631002
-737019618.12781000
34004551.81959500
-1005126624.27279997
-911318253.07881999
-517979547.54122001
-627185685.92133999
325119771.27680999
-1770251388.33270001
771387149.67086995
-1075415169.16720009
-33058705.46039500
-1102792642.51440001
424267903.46096998
360822459.65332001
-92704192.02688000
1894276532.83150005
-18608497.78469500
-763762433.92402005
-376256230.11092001
212373582.66993001
-1370943442.92619991
240617504.93638000
-438401309.10608000
-854183491.10145998
540449765.47952998
1605987383.82550001
-1533230254.43230009
-1638774664.18449998
1599602615.24720001
1522859734.86249995
-1906246989.10310006
81440469.87959200
-316263380.21274000
-1537964311.47099996
1466406128.99900007
1046561273.60899997
-1360553119.66170001
1458109599.17319989
84266094.10274500
-2108117271.79310012
8724022.79245570
-470377055.12042999
-736280774.67837000
75485513.58828300
-116274454.59963000
-232578225.99588001
-1595854426.95539999
1244820727.27379990
347440541.10461998
-218062163.65110001
147759075.49335000
-933731323.13262999
160660156.32576001
64018279.32525800
1033205064.78240001
1297246193.04889989
-906669062.01126003
-473822753.78410000
1001062208.24960005
282903437.78460002
-100939387.45507000
-147615228.19687000
343992954.02287000
-1127375594.02559996
-504370973.08696997
-796011273.01782000
569361170.86899996
159220406.87297001
306020221.96477997
593765015.83922005
1897545324.04259992
1269384036.13039994
281236537.98369002
644540888.71675003
-862362752.07514000
415135685.18304998
-380575482.21977001
305101117.33609003
261061333.39561999
-539315075.69110000
-623182251.01708996
-800128074.46116996
1767551184.92919993
-704329138.85344994
204742095.40064999
1984360162.54220009
930842054.63429999
-1606065190.68580008
-1129435004.76130009
1918645589.55390000
-1078616071.93409991
826582196.72565997
2066130953.93479991
-1252251682.90930009
-1562238818.68440008
-1345177095.31270003
-488228370.91654003
1819561753.30259991
-287808210.66204000
1343477285.16989994
-1071108383.00500000
-467281410.64425999
2139960310.69009995
-796637539.44778001
371390456.51954001
1903340235.44109988
679740644.47424996
354720814.35031998
388064378.74346000
-861798163.46021998
1832114967.14720011
-1136578771.06469989
572054659.69244003
-1032882505.64619994
2098557979.20140004
-1199865841.29830003
285934965.78815001
924364745.19597006
781141544.78936005
701505934.25139999
827119121.35830998
1960055531.91860008
1423146985.14000010
1266090864.96580005
-1107339354.89590001
-845304905.19986999
-1934651790.19639993
-279764402.83007002
-1170060889.41160011
1648954877.17039990
-699595097.42440999
-1720420238.52349997
560281443.73988998
1774688972.33920002
-1497763394.91300011
394337676.32107002
-350669257.03196001
-34654295.77865400
2052434398.97569990
-2030906693.61299992
37586098.18472800
-307922892.43462998
1018781563.51909995
1818377484.55080009
919576170.54834998
-1589763840.28660011
661335200.71571004
-61904708.55754400
-1095864161.98880005
1531465815.66490006
239151591.84755999
4303847.64542100
20407376.77814200
-122690853.42953999
-1313704187.68140006
507892233.76558000
294591440.58569998
478240278.02280998
-80806481.80340700
-351673816.57187003
-57447736.38489900
518974404.35179001
180633062.72894999
-1059866035.81459999
1401567940.10130000
1231510015.61540008
36416439.03162400
-1310189909.50230002
-293950252.13534999
-813519173.21816003
286779253.64130002
-1022748552.79729998
-878480918.09203994
32364375.09281400
463918332.14441001
-374946099.95902002
-1212003671.37879992
-1245027178.34050012
-119226288.68524000
-919666548.05274999
886436696.79724002
335313358.51370001
-1153417711.35299993
2108065640.51690006
1163510928.61109996
-1224722289.05679989
-231235914.56036001
-743917940.72755003
-647300012.82655001
635202896.35378003
1136949563.65669990
-1234375329.32730007
-596292685.56774998
1748152004.04410005
-47792970.88219600
427561730.79429001
-2079755079.64339995
-1118959922.77570009
-52948171.60382100
1011482431.26549995
-171710749.53026000
1093782448.89429998
225225821.35210001
500474030.40342999
556129856.11527002
193707920.12917000
-1457501762.17700005
-751858335.56487000
-75747410.17031600
-859305991.80543005
1987879799.68140006
-805264499.15829003
232749581.11769000
2062212330.60069990
-231606576.38286000
-68869604.78337200
-1613548793.97309995
-716462071.13037002
-1502384935.28609991
156410441.94525000
679964485.43980002
867727487.43519998
-161106356.55412000
-167687491.10571000
-1773885902.19269991
1810466462.61680007
-138180378.41235000
-1549414788.70989990
1869756292.49909997
-1878420594.35770011
-382059681.41929001
-477316944.38344002
257997252.86717999
531449811.93199998
1469801618.17840004
896178561.18220997
-1037524269.93330002
420143221.38216001
1347525541.20950007
785409600.61398995
-39304262.28086300
-1271005838.84489989
1729471831.76329994
1835758310.24679995
1452396640.75430012
-2048357080.13350010
-101305886.36149000
239008525.57499999
-694829365.61085999
-1790349020.42770004
531172491.74606001
-38344548.86489400
305449183.30601001
873720446.42428005
1093969841.06909990
448072195.34579998
-190753671.53999001
859988364.64315999
-670215226.07270002
-2137707181.00200009
472650263.81110001
-26651719.50788000
-1571678133.03859997
-1771900426.02959991
638468235.32471001
-1488456991.97659993
59168356.74591600
-394415728.70191997
1329937209.21429992
146839010.75909001
892751594.81207001
-855794285.73653996
1372204369.95330000
-613166016.96476996
-216952979.14656001
-649187763.55499995
-1128674885.10179996
-542887918.80042005
1962628703.89319992
2057065509.91790009
34059267.66725100
1130090093.91709995
-510944351.53271002
499026863.54455000
-590191792.10828996
-107123480.08177000
-214947408.77415001
-717292957.47561002
-1764187580.65409994
320042318.62453997
1478720210.43709993
-437391905.21079999
1296603064.60240006
-1090307931.71050000
-316231245.79891002
2023461330.81270003
349247042.88156998
-418535408.42404997
-734261688.00993001
908730583.81409001
1915146334.82500005
-1213081868.69549990
-1317719138.11949992
-1342747165.88790011
-311043675.73395002
-1830124488.96939993
-791966971.97478998
-2018935857.54089999
-834832942.39929998
-43019716.84508200
-1250418834.85759997
631822330.76513004
-162309176.86875001
-250912990.03955001
354373431.58936000
-664993562.45568001
652618933.51558995
-1755371482.08940005
-191563276.97018999
-682000124.27968001
1906873572.60419989
-607744829.44350004
1854201165.65580010
-1966858262.08550000
-515087948.07846999
267112518.15783000
-123675069.35402000
-57428884.35313600
682677470.16630006
-734340360.97203004
-1396736106.61450005
-1022587024.67799997
78372508.07133301
-357070422.04070002
1174440176.94779992
1963638146.14739990
-189707360.11241001
-2109120931.07920003
1048640921.38409996
1189353839.17950010
-1550386524.61829996
-1071334345.51520002
2049278550.40159988
-2119209583.53690004
1888271912.06380010
1056059366.90429997
428664282.24159998
1901743332.89170003
-2130862846.33669996
387515999.82835001
-1161583457.33349991
-291059625.26109999
1648370547.67799997
310305472.91092002
-845853479.05692005
730911935.52956998
328093049.54481000
-865024205.81159997
467578575.32107002
-325831951.81507999
20625525.60524500
-1992545612.31760001
-1821736354.47659993
1916053079.87949991
-192739432.66780999
117790338.05118001
501766354.18383002
-499269144.40587002
-87312931.71451600
-41302512.03807400
-2068354515.53880000
1210955218.12069988
-671451695.90155995
238193356.53924000
-1508216368.56640005
747933951.61620998
903170161.44357002
1626606156.63639998
-1215162915.31100011
363203023.49743003
1087457400.41910005
205217736.81110001
667942508.96970999
1596286407.36229992
1980606345.93260002
2005010954.11820006
1234034398.74909997
462778770.24212998
-689176532.08974004
-939580272.97918999
19610853.09388700
509427526.87141001
210031259.03037000
97554342.07149801
-897104685.66812003
-1764096182.08960009
1153125613.26279998
1127346826.05200005
19439420.02151800
-2056454526.50480008
-293917669.87928998
-1216100236.04089999
-465681005.25229001
405941759.50316000
393566369.09784001
-720862262.14673996
500431962.42755002
-587470028.34388995
-99091777.56394300
423711310.31612003
-713721434.64963996
-107148225.94369000
977822228.93754995
645294921.34935999
2007049558.21539998
-1135175163.86529994
-1663660299.58270001
-1409608011.48160005
-99616376.81299800
-1083470462.18899989
-715285524.16269004
-2000160664.51760006
-1087820947.60249996
-829028277.73320997
503046943.32962000
-108010241.19612999
1498719015.06389999
641047950.60906994
857303579.33214998
-1025523840.32079995
339365977.70954001
-35798849.17267800
-475018009.04925001
1688991288.98510003
799526762.88984001
665418704.15316999
1514460601.36969995
-2100290864.35540009
-1934183648.64100003
1195516523.52509999
-95153949.78289101
-1088592831.48490000
317860634.32345003
-296993555.20355999
-2119417054.59430003
578828891.93289006
391499347.53693002
-28623021.59456000
-1109305152.52430010
528195460.74694997
-93033596.48726200
1830419983.30920005
14149895.69096100
335023793.98720002
-1217446887.90429997
1915809998.66899991
703855189.11242998
1412332219.71180010
1951782163.33610010
-1708987747.58879995
877248459.83282995
-1074851908.17960000
75164467.33356699
78524615.50058700
376181163.50582999
-896664808.22133994
343578254.12932998
-1929031248.75740004
-201370125.50751999
1586074505.85100007
227669449.40560001
1795976825.49429989
917199041.62685001
-155638409.86379001
1381497258.54310012
766904997.38513994
-161594004.06580999
368474955.00541002
-2021068523.59270000
71585291.26510000
-318599711.54492998
1324061979.06960011
703648178.08001006
107410391.93083000
1083107131.14080000
-175028194.88773000
302125519.77836001
519483541.12199998
761648184.13589001
136660766.91558000
921740483.18142998
-122107066.47163001
-335182543.47130001
363141358.56441998
-472635935.23833001
274290994.60583001
2091143233.27999997
-924042783.26870000
-622731732.59263003
-823727023.92096996
1832087685.26589990
105284421.04617000
-843229999.61495996
-1293847223.18650007
1714907125.83400011
609177264.58193004
-1691351726.29169989
-1735460453.20549989
600333097.08963001
1268264975.46690011
1224672602.05080009
-2117797233.34419990
1898810634.18269992
-992216102.04150999
-411459359.15082002
-19802312.86907400
-1525709302.10549998
165322328.80768001
541796440.26419997
31893224.86264400
134927437.07653001
-1039081892.58060002
214025998.43079999
1029241115.80470002
154367790.32231000
-798503603.42938995
840357897.76557004
-1991372918.34619999
-9202666.02552940
771534274.48763001
-4327516.34312010
-236997689.83701000
-1382462012.24130011
-1817418736.75390005
931647339.40919006
55682905.56549300
216797692.53644001
1337681646.43779993
237603798.06974000
-352100879.81339002
-1091501499.42389989
148851365.30318999
1103949121.15310001
219148553.21748999
-969333269.84756005
-229681797.90382999
-567950866.02261996
-667557112.78543997
1450950125.98909998
-362337328.55368000
-1346798136.71970010
22178181.18781400
67427021.48192000
-337264190.37114000
-1148530246.04229999
980419957.82314003
438582928.06976002
976816262.99900997
-113568921.84068000
277884154.47950000
-938568879.07458997
947095525.51484001
1772964689.84340000
421834180.74905002
606468585.01971996
-549088958.24686003
334001574.88722998
-674552799.33033001
-1611907598.48420000
-963159544.72852004
-556346011.46949005
217294039.78310001
138870227.63409001
1084761227.47379994
-543042322.17114997
-210041203.69495001
1198106295.60109997
353683517.42991000
-752410264.75206995
273501179.89981002
852663536.38214004
-210624608.29109001
-788032520.14344001
-1878326964.16409993
297838577.10990000
277938173.99675000
1522217530.10509992
299155508.37527001
-1529857870.28279996
135413184.68897000
810975314.59047997
4231593.21500920
57566473.37689400
-525898325.54719001
853095926.42885005
2144196846.75230002
737428966.97498000
195103742.26798001
1191074942.90199995
538907669.22048998
-789249653.89816999
226455860.05157000
-1461254248.49099994
-235003338.84659001
364400242.04759002
1051605310.94140005
-7901602.32985780
193167070.24566999
295010041.69024003
-497160517.60597998
1531016432.65669990
51418320.92159800
-432210252.55949998
-464971207.61320001
-295265749.78259999
-20287422.65380100
-2121909576.67729998
-756036939.87256002
592150802.82176006
539478631.55451000
-1582641624.19029999
-1427679784.88380003
-669472462.12258995
268324993.94929999
-1068975093.86290002
1919673712.22140002
1245265727.87619996
-703135533.04294002
543920876.54482996
1291518526.42129993
-567142287.12447000
111475963.41495000
355485606.35576999
552655545.30510998
-312665628.68842000
1421962398.21169996
156064765.14002001
1050385924.51580000
-149983879.37854999
1997107554.85929990
-618105502.50984001
173215741.89653999
-1996892788.66079998
-227962645.56143999
-353319901.04782999
-58452338.62786700
668016137.76101005
1033833.41982980
1275842775.97560000
364937526.21371001
-586185371.73169994
-605420097.85421002
239439632.50023001
-1711097411.08529997
861557043.35132003
1468650100.93249989
-200056748.49359000
299051872.89867002
-997224303.85125005
-852685885.56017995
2099622328.45549989
-6371220.46714780
1992920600.52640009
385163928.29284000
-1255776445.82780004
253811363.79802999
740905176.85576999
-1897551977.59450006
-317252946.86157000
-1140406103.58249998
-466517336.04604000
-119166676.43833999
396544940.86824000
-240931546.06294999
975579236.61090004
-1330246691.52320004
1796174657.65120006
230964669.17135000
1073173278.66610003
677792870.73558998
-1584467207.49600005
-1483785237.02850008
1276453997.83360004
-43155901.85295800
-180308836.27293000
628085191.45536005
132860087.06642000
851496603.57748997
-1274777782.23070002
-618482682.31587005
-1099000695.36310005
-635836491.12369001
783240532.18856001
-1055350510.57149994
-514909787.67491001
-1201965382.38170004
-1428858060.61750007
2013944456.20059991
359087650.38306999
1521191425.33170009
203132482.95388001
475358114.75555003
1514927339.81310010
301476466.88635999
-1957092172.69779992
1211263048.35700011
-1198523242.33360004
-1176587355.55270004
2120050711.14590001
-1194684697.75139999
-134471464.89308000
-732332163.66533995
-583897741.57146001
-985634617.96440005
-73188829.26662500
-76975475.50242300
-643916296.99696004
-1427265145.35850000
-1371954440.94330001
-396837478.64486003
2142824855.81629992
-1982834695.92210007
303401466.59762001
-1986675582.09980011
1699825057.68689990
918662495.63989997
-1854213512.82500005
-132118832.64450000
689362922.77679002
35218511.06880100
1298658301.35630012
1929057741.00830007
1160390989.90700006
226291074.65809000
-681772929.75322998
632385357.45637000
-106157799.72581001
-1581365904.85750008
1668769304.99169993
-220084522.85128000
-202943624.86138001
-1408842946.55279994
74794908.26082499
-368817466.65678000
322539089.02045000
-687435164.10362005
-42712679.63319600
835723946.22432995
151136491.33697999
1133921724.50810003
257739521.96178001
243327862.18650001
352656368.21647000
763100710.36247003
-637247463.06833994
880135600.37108004
408168217.28833997
1673136242.91050005
-1468054129.74419999
-227570703.49092001
-791514371.23574996
-558618170.17300999
-2083456556.36809993
-1824145437.61389995
303978839.79707003
-416864759.59363002
862900764.45787001
1129012283.30139995
-1245447314.10929990
1696188227.07259989
-176789032.68193001
-4409313.14673780
-189200059.61252001
511523722.99233001
101566154.95262000
154159384.69591999
-912994529.45792997
872752670.12911999
-455921712.07226998
-1545650441.96709991
-547053284.83566999
-237517345.72959000
-178605247.62672001
903839510.42837000
577245961.59468997
-1156564835.60850000
215692245.11853001
1858206386.65019989
-1628852059.75250006
945466897.03174996
371313042.57963997
222502720.54828000
-1417754085.37840009
-78402162.81135400
-1078184252.52449989
-46729547.65010400
492702397.08911002
-246698884.82903999
1782628034.89540005
772502462.87768996
-208316795.47376999
-1110197846.69339991
-569986404.09534001
-346854564.23070002
-111330750.30758999
1574031437.13669991
963142339.64697003
-794788139.33541000
-711629889.57661998
-507886304.82036000
462433695.78881001
913450759.02191997
1208408278.46659994
1408220842.49790001
-1177894727.74169993
1091249935.59369993
-766648237.45668995
214957413.69411999
237695523.34746999
-507723289.78763002
1702287346.65470004
330690526.33161998
-313863880.29907000
-402999441.82024997
-299258552.01791000
354591117.32832998
8244217.06412170
1332475594.66269994
1232117876.02769995
-333820803.43048000
1915595792.95199990
-71286401.63084300
-789423363.56088996
551973852.28822005
-1247638483.23709989
-296111165.69459999
2091476822.93869996
-1141648678.13249993
-330874671.38568002
245747513.48559001
599468591.86889005
1162531828.84870005
-1351769556.02069998
-493434954.76691002
-999062379.67869997
1356626368.92219996
-196408539.11032999
-2122598664.27469993
-881173680.87624002
-138133103.42332000
333574933.18410999
-699987323.39361000
15655449.45901800
-1006712177.28149998
-1426730129.60459995
-255879438.77847001
-710056513.28931999
-994897217.81036997
718404905.34419000
262724802.30730000
-158057339.08035001
292194028.29005003
1100720939.27200007
-1261929167.77880001
317019345.08818001
1516489456.15009999
-35245147.62740700
1340403651.39680004
-1490035314.42820001
-1036559463.38689995
169388840.96948999
-460848477.57492000
-613638972.93173003
-982612225.18106997
495750467.93207997
1579728809.66720009
-1085182908.27970004
-1609217084.58419991
1238754645.00239992
-650284583.28698003
-804076101.60757995
-1522728011.70880008
1028851480.85899997
-155998512.82909000
620076902.08002996
300188449.90815997
-1056873646.60070002
1612296666.33774495
