Program
..VarDecl
....Float32
....Id(ci)
..VarDecl
....Float32
....Id(rad)
..VarDecl
....Float32
....Id(area)
..VarDecl
....Float32
....Id(PI)
..FuncDecl
....FuncHeader
......Id(calcArea)
......Float32
......FuncParams
........ParamDecl
..........Float32
..........Id(rad)
....FuncBody
......Return
........Mul
..........Mul
............Id(PI)
............Id(rad)
..........Id(rad)
..FuncDecl
....FuncHeader
......Id(calcCir)
......FuncParams
........ParamDecl
..........Float32
..........Id(rad)
....FuncBody
......Assign
........Id(ci)
........Mul
..........Mul
............IntLit(2)
............Id(PI)
..........Id(rad)
..FuncDecl
....FuncHeader
......Id(main)
......FuncParams
....FuncBody
......Assign
........Id(PI)
........RealLit(3.1415)
......ParseArgs
........Id(rad)
........IntLit(1)
......Assign
........Id(area)
........Call
..........Id(calcArea)
..........Id(rad)
......Call
........Id(calcCir)
........Id(rad)
......Print
........StrLit("Area of Circle is : ")
......Print
........Id(area)
......Print
........StrLit("Circumference of Circle is : ")
......Print
........Id(ci)
......Print
........And
..........Div
............Mul
..............Id(area)
..............Add
................Sub
..................Id(area)
..................Id(ci)
................Id(PI)
............Minus
..............IntLit(13)
..........Not
............IntLit(1)
