Program
..FuncDecl
....FuncHeader
......Id(d)
......FuncParams
....FuncBody
......Return
........Or
..........Or
............Or
..............Or
................Id(a)
................And
..................And
....................Id(b)
....................Id(c)
..................Not
....................Not
......................Id(b)
..............Id(d)
............Id(e)
..........And
............IntLit(34)
............Id(teste)
......Assign
........Id(id)
........Gt
..........Le
............Eq
..............IntLit(1)
..............IntLit(2)
............IntLit(3)
..........IntLit(4)
......Assign
........Id(aa)
........And
..........Eq
............IntLit(56)
............IntLit(2)
..........IntLit(25)
......Assign
........Id(kkk)
........Sub
..........Add
............Id(a)
............Id(b)
..........Div
............Mul
..............Id(c)
..............Id(d)
............Id(e)
......Assign
........Id(ttt)
........Mul
..........Mul
............Mul
..............Mul
................Id(q)
................Id(w)
..............Id(e)
............Id(r)
..........Id(t)
......Assign
........Id(git)
........And
..........IntLit(100)
..........Not
............Minus
..............Add
................Minus
..................Not
....................Plus
......................Id(a)
................Id(b)
......Assign
........Id(aeq)
........Or
..........Or
............And
..............Eq
................Id(a)
................Id(b)
..............Id(gh)
............Id(d)
..........Id(s)
......Assign
........Id(r)
........Mod
..........IntLit(3)
..........IntLit(2)
..VarDecl
....Int
....Id(a)
