Program
..FuncDecl
....FuncHeader
......Id(funcao1)
......FuncParams
....FuncBody
......VarDecl
........Int
........Id(a)
......VarDecl
........Int
........Id(b)
......VarDecl
........Int
........Id(c)
......If
........And
..........Id(a)
..........Id(b)
........Block
..........If
............Or
..............Id(b)
..............Id(c)
............Block
..............If
................Le
..................Id(c)
..................RealLit(6.3)
................Block
..................Assign
....................Id(c)
....................Add
......................Mul
........................Id(c)
........................Id(a)
......................RealLit(1e-2)
................Block
..................Assign
....................Id(c)
....................Sub
......................Div
........................Id(a)
........................Id(b)
......................RealLit(1E21)
............Block
........Block
..FuncDecl
....FuncHeader
......Id(funcao2)
......FuncParams
....FuncBody
......Block
........Assign
..........Id(c)
..........IntLit(1)
........Block
..........Assign
............Id(a)
............IntLit(2)
..........Assign
............Id(b)
............IntLit(3)
........Assign
..........Id(d)
..........RealLit(4.3)
......For
........Eq
..........Id(a)
..........IntLit(2)
........Block
..........For
............Lt
..............Mul
................Id(b)
................Id(c)
..............Id(a)
............Block
..............Print
................StrLit("loop")
..............Assign
................Id(a)
................Id(d)
..............Block
................Print
..................StrLit("block me")
................Print
..................StrLit("and me")
..FuncDecl
....FuncHeader
......Id(main)
......FuncParams
....FuncBody
......Block
........ParseArgs
..........Id(arg)
..........IntLit(1)
........ParseArgs
..........Id(arg)
..........IntLit(2)
......Print
........StrLit("Vou embora")
