Program
..FuncDecl
....FuncHeader
......Id(main)
......FuncParams
....FuncBody
......VarDecl
........Int
........Id(i)
......VarDecl
........Int
........Id(n)
......VarDecl
........Int
........Id(sum)
......ParseArgs
........Id(n)
........IntLit(1)
......If
........Lt
..........Id(n)
..........IntLit(0)
........Block
..........Print
............StrLit("non-negative number please")
..........Return
........Block
..........Assign
............Id(sum)
............IntLit(0)
..........Assign
............Id(i)
............IntLit(1)
..........For
............Le
..............Id(i)
..............Id(n)
............Block
..............Assign
................Id(sum)
................Add
..................Id(sum)
..................Id(i)
..............Assign
................Id(i)
................Add
..................Id(i)
..................IntLit(1)
..........Print
............Id(sum)
......For
........Block
..........Print
............StrLit("now you're trapped")
