Program
..FuncDecl
....FuncHeader
......Id(main)
......FuncParams
....FuncBody
......Print
........StrLit("Sem block aqui")
......Block
........Print
..........StrLit("2 statements")
........Print
..........StrLit("Precisa de block")
......If
........Add
..........IntLit(1)
..........IntLit(1)
........Block
........Block
......If
........Add
..........IntLit(2)
..........IntLit(2)
........Block
..........Assign
............Id(a)
............IntLit(2)
........Block
......If
........Add
..........IntLit(3)
..........IntLit(3)
........Block
..........Assign
............Id(b)
............IntLit(3)
........Block
......If
........Add
..........IntLit(4)
..........IntLit(4)
........Block
..........Assign
............Id(c)
............IntLit(4)
........Block
..........Assign
............Id(d)
............IntLit(5)
......For
........Block
......For
........Block
..........Assign
............Id(e)
............IntLit(6)
......For
........Add
..........IntLit(7)
..........IntLit(7)
........Block
..........Assign
............Id(f)
............IntLit(7)
