Program
..FuncDecl
....FuncHeader
......Id(main)
......FuncParams
....FuncBody
......Assign
........Id(d)
........Mul
..........Add
............Id(a)
............Id(b)
..........Id(c)
......Assign
........Id(d)
........Minus
..........Add
............Id(a)
............Id(b)
......Assign
........Id(d)
........Eq
..........Lt
............Id(a)
............Id(b)
..........Id(c)
......If
........Eq
..........Id(a)
..........Mul
............Add
..............IntLit(1)
..............IntLit(2)
............IntLit(3)
........Block
..........Assign
............Id(a)
............Mul
..............Add
................Id(a)
................IntLit(9)
..............Add
................IntLit(3)
................Id(d)
........Block
......Assign
........Id(d)
........Ge
..........Lt
............Add
..............Id(a)
..............Id(b)
............Id(c)
..........Sub
............Id(b)
............Id(b)
......Print
........Add
..........Add
............Id(o)
............Id(c)
..........Minus
............Id(a)
......For
........Gt
..........Id(a)
..........Add
............Sub
..............IntLit(10)
..............Id(b)
............Not
..............Id(b)
........Block
..........Assign
............Id(a)
............Div
..............Sub
................Id(y)
................IntLit(8)
..............Not
................Id(b)
