Program
..FuncDecl
....FuncHeader
......Id(main)
......FuncParams
....FuncBody
......Assign
........Id(a)
........Add
..........Add
............IntLit(3)
............Mul
..............IntLit(1)
..............IntLit(2)
..........IntLit(4)
......Assign
........Id(w)
........Call
..........Id(a)
......Assign
........Id(z)
........Call
..........Id(a)
..........Add
............IntLit(1)
............IntLit(2)
..........Add
............IntLit(3)
............IntLit(4)
..........Mul
............Add
..............IntLit(5)
..............IntLit(6)
............IntLit(7)
..........Gt
............Id(b)
............Id(c)
..........Call
............Id(d)
............Add
..............IntLit(8)
..............IntLit(9)
............Gt
..............Id(f)
..............Id(g)
..........RealLit(0.0)
..........IntLit(1)
..........Minus
............IntLit(10)
..........Not
............Id(w)
......Assign
........Id(a)
........Gt
..........IntLit(1)
..........IntLit(2)
......Assign
........Id(b)
........Not
..........IntLit(3)
......Call
........Id(i)
........Call
..........Id(s)
..........Call
............Id(t)
............Call
..............Id(o)
..............Call
................Id(n)
................Call
..................Id(a)
..................Call
....................Id(o)
....................Call
......................Id(f)
......................Call
........................Id(u)
........................Call
..........................Id(n)
..........................Call
............................Id(c)
............................Call
..............................Id(i)
..............................Call
................................Id(o)
................................Call
..................................Id(n)
..................................Call
....................................Id(a)
....................................Id(o)
..................................Id(u)
................................Id(t)
..............................Id(a)
............................Id(l)
..........................Id(v)
........................Id(e)
......................Id(z)
....................Id(s)
..................Id(i)
................Id(m)
..............Id(h)
............Id(a)
..........Id(h)
........Id(a)
