Program
..FuncDecl
....FuncHeader
......Id(main)
......FuncParams
....FuncBody
......If
........Or
..........Eq
............Id(n)
............IntLit(0)
..........And
............Lt
..............Minus
................Id(sz)
..............IntLit(10)
............Not
..............Eq
................Id(id)
................IntLit(30)
........Block
..........If
............Ge
..............Eq
................Le
..................Id(x)
..................IntLit(100)
................IntLit(90)
..............Minus
................IntLit(3)
............Block
..............Return
............Block
..........Block
............Assign
..............Id(n)
..............IntLit(10)
............Assign
..............Id(n)
..............Add
................Sub
..................Add
....................IntLit(3)
....................IntLit(4)
..................IntLit(6)
................IntLit(7)
........Block
