Program
..FuncDecl
....FuncHeader
......Id(main)
......FuncParams
....FuncBody
......Assign
........Id(a)
........IntLit(1)
......Assign
........Id(a)
........IntLit(1)
......Block
........Assign
..........Id(a)
..........IntLit(1)
........Assign
..........Id(b)
..........IntLit(2)
......Block
........Assign
..........Id(a)
..........IntLit(1)
........Assign
..........Id(b)
..........IntLit(2)
......Block
........Assign
..........Id(a)
..........IntLit(1)
........Assign
..........Id(b)
..........IntLit(2)
........Assign
..........Id(c)
..........IntLit(3)
........Assign
..........Id(d)
..........IntLit(4)
........Assign
..........Id(e)
..........IntLit(5)
......If
........IntLit(1)
........Block
........Block
......If
........IntLit(2)
........Block
........Block
......If
........IntLit(3)
........Block
..........Assign
............Id(a)
............IntLit(1)
........Block
......If
........IntLit(4)
........Block
..........Assign
............Id(a)
............IntLit(1)
..........Assign
............Id(b)
............IntLit(2)
........Block
......If
........IntLit(5)
........Block
..........Assign
............Id(a)
............IntLit(1)
........Block
..........Assign
............Id(c)
............IntLit(3)
......If
........IntLit(6)
........Block
..........Assign
............Id(a)
............IntLit(1)
..........Assign
............Id(b)
............IntLit(2)
........Block
..........Assign
............Id(c)
............IntLit(3)
..........Assign
............Id(d)
............IntLit(4)
......If
........IntLit(7)
........Block
........Block
..........Assign
............Id(a)
............IntLit(1)
......If
........IntLit(8)
........Block
........Block
..........Assign
............Id(a)
............IntLit(1)
..........Assign
............Id(b)
............IntLit(2)
......For
........IntLit(1)
........Block
......For
........IntLit(2)
........Block
..........Assign
............Id(a)
............IntLit(1)
......For
........Block
......For
........Block
..........Assign
............Id(a)
............IntLit(1)
..........Assign
............Id(b)
............IntLit(2)
......Return
......Return
........IntLit(2)
......Call
........Id(a1)
........IntLit(1)
......Call
........Id(a2)
........IntLit(1)
........IntLit(2)
......Call
........Id(a3)
........IntLit(1)
........IntLit(2)
........IntLit(3)
......ParseArgs
........Id(arg)
........IntLit(3)
......Print
........RealLit(1.0)
......Print
........StrLit("ola")