Program
..FuncDecl
....FuncHeader
......Id(onefunc)
......FuncParams
....FuncBody
..FuncDecl
....FuncHeader
......Id(twofunc)
......FuncParams
........ParamDecl
..........Int
..........Id(one)
....FuncBody
..FuncDecl
....FuncHeader
......Id(treefunc)
......FuncParams
........ParamDecl
..........Int
..........Id(one)
........ParamDecl
..........Float32
..........Id(two)
....FuncBody
..FuncDecl
....FuncHeader
......Id(fourfunc)
......FuncParams
........ParamDecl
..........Int
..........Id(one)
........ParamDecl
..........Float32
..........Id(two)
........ParamDecl
..........String
..........Id(three)
....FuncBody
..FuncDecl
....FuncHeader
......Id(fivefunc)
......FuncParams
........ParamDecl
..........Int
..........Id(one)
........ParamDecl
..........Float32
..........Id(two)
........ParamDecl
..........String
..........Id(three)
........ParamDecl
..........Bool
..........Id(four)
....FuncBody
..FuncDecl
....FuncHeader
......Id(sixfunc)
......Int
......FuncParams
........ParamDecl
..........Int
..........Id(one)
....FuncBody
..FuncDecl
....FuncHeader
......Id(sevenfunc)
......Float32
......FuncParams
........ParamDecl
..........Int
..........Id(one)
........ParamDecl
..........Float32
..........Id(two)
....FuncBody
..FuncDecl
....FuncHeader
......Id(eightfunc)
......String
......FuncParams
........ParamDecl
..........Int
..........Id(one)
........ParamDecl
..........Float32
..........Id(two)
........ParamDecl
..........String
..........Id(three)
....FuncBody
..FuncDecl
....FuncHeader
......Id(ninefunc)
......Bool
......FuncParams
........ParamDecl
..........Int
..........Id(one)
........ParamDecl
..........Float32
..........Id(two)
........ParamDecl
..........String
..........Id(three)
........ParamDecl
..........Bool
..........Id(four)
....FuncBody
..FuncDecl
....FuncHeader
......Id(tenfunc)
......Int
......FuncParams
........ParamDecl
..........Int
..........Id(one)
....FuncBody
......VarDecl
........Float32
........Id(a)
......VarDecl
........Float32
........Id(b)
......VarDecl
........Float32
........Id(c)
......VarDecl
........Float32
........Id(d)
......VarDecl
........Int
........Id(e)
......VarDecl
........Int
........Id(f)
......VarDecl
........Int
........Id(g)
......VarDecl
........Int
........Id(i)
......VarDecl
........Int
........Id(j)
