ID(T)
ID(T99)
ID(T0)
ID(T0T0)
ID($)
ID(_)
ID(teste)
ID(teste)
ID(teste1)
ID(teste2_23)
ID(tes2_23te)
ID(te$_te)
ID(TeStE)
ID(tEsTe)
ID(TESTE)
ID(_T_E_S_T_E_)
ID($T$E$S$T$E$)
ID(T_E_S_T_E)
ID(T$E$S$T$E)
ID(_$T$_$E$_$S$_$T$_$E$_$)
ID($$$T$$$$E$$$S$$$$T$$E$$$$)
ID(T$_$E$_$S$_$T$_$E)
ID(T$$$$E$$$S$$$$T$$E)
ID(T_)
ID(T$)
ID(T_$)
ID(T_$_$_$_$_$_)
ID(T__$__$__$_$$___$$_$_$_$_$$$_$$_)
ID(T__123321__$$1231_$123_2112_123_$)
ID(T__$__$__$_$$___$$_$_$_$_$$$_$$_T)
ID(T__123321__$$1231_$123_2112_123_$T)
ID(public2123)
PUBLIC
ID(public122312313)
